# JRE version: Java(TM) SE Runtime Environment (8.0_181-b13) (build 1.8.0_181-b13)
# Java VM: Java HotSpot(TM) Client VM (25.181-b13 mixed mode windows-x86 )
Heap:
 def new generation   total 75008K, used 69234K [0x05200000, 0x0a360000, 0x0a750000)
  eden space 66688K,  96% used [0x05200000, 0x090c0580, 0x09320000)
  from space 8320K,  59% used [0x09b40000, 0x0a01c4a0, 0x0a360000)
  to   space 8320K,   0% used [0x09320000, 0x09320000, 0x09b40000)
 tenured generation   total 166580K, used 109849K [0x0a750000, 0x149fd000, 0x15200000)
   the space 166580K,  65% used [0x0a750000, 0x11296550, 0x11296600, 0x149fd000)
 Metaspace       used 22938K, capacity 23821K, committed 23936K, reserved 23936K
GC Heap History (10 events):
Event: 20.364 GC heap before
{Heap before GC invocations=140 (full 7):
 def new generation   total 61376K, used 61376K [0x05200000, 0x09490000, 0x0a750000)
  eden space 54592K, 100% used [0x05200000, 0x08750000, 0x08750000)
  from space 6784K, 100% used [0x08750000, 0x08df0000, 0x08df0000)
  to   space 6784K,   0% used [0x08df0000, 0x08df0000, 0x09490000)
 tenured generation   total 136260K, used 127171K [0x0a750000, 0x12c61000, 0x15200000)
   the space 136260K,  93% used [0x0a750000, 0x12380de8, 0x12380e00, 0x12c61000)
 Metaspace       used 22078K, capacity 22957K, committed 23040K, reserved 23936K
Event: 20.384 GC heap after
Heap after GC invocations=141 (full 7):
 def new generation   total 61376K, used 5139K [0x05200000, 0x09490000, 0x0a750000)
  eden space 54592K,   0% used [0x05200000, 0x05200000, 0x08750000)
  from space 6784K,  75% used [0x08df0000, 0x092f4ef8, 0x09490000)
  to   space 6784K,   0% used [0x08750000, 0x08750000, 0x08df0000)
 tenured generation   total 136260K, used 133954K [0x0a750000, 0x12c61000, 0x15200000)
   the space 136260K,  98% used [0x0a750000, 0x12a20a18, 0x12a20c00, 0x12c61000)
 Metaspace       used 22078K, capacity 22957K, committed 23040K, reserved 23936K
}
Event: 20.460 GC heap before
{Heap before GC invocations=141 (full 7):
 def new generation   total 61376K, used 59731K [0x05200000, 0x09490000, 0x0a750000)
  eden space 54592K, 100% used [0x05200000, 0x08750000, 0x08750000)
  from space 6784K,  75% used [0x08df0000, 0x092f4ef8, 0x09490000)
  to   space 6784K,   0% used [0x08750000, 0x08750000, 0x08df0000)
 tenured generation   total 136260K, used 133954K [0x0a750000, 0x12c61000, 0x15200000)
   the space 136260K,  98% used [0x0a750000, 0x12a20a18, 0x12a20c00, 0x12c61000)
 Metaspace       used 22078K, capacity 22957K, committed 23040K, reserved 23936K
Event: 20.595 GC heap after
Heap after GC invocations=142 (full 8):
 def new generation   total 75008K, used 0K [0x05200000, 0x0a360000, 0x0a750000)
  eden space 66688K,   0% used [0x05200000, 0x05200000, 0x09320000)
  from space 8320K,   0% used [0x09320000, 0x09320000, 0x09b40000)
  to   space 8320K,   0% used [0x09b40000, 0x09b40000, 0x0a360000)
 tenured generation   total 166580K, used 99946K [0x0a750000, 0x149fd000, 0x15200000)
   the space 166580K,  59% used [0x0a750000, 0x108ea9a8, 0x108eaa00, 0x149fd000)
 Metaspace       used 22078K, capacity 22957K, committed 23040K, reserved 23936K
}
Event: 20.827 GC heap before
{Heap before GC invocations=142 (full 8):
 def new generation   total 75008K, used 66688K [0x05200000, 0x0a360000, 0x0a750000)
  eden space 66688K, 100% used [0x05200000, 0x09320000, 0x09320000)
  from space 8320K,   0% used [0x09320000, 0x09320000, 0x09b40000)
  to   space 8320K,   0% used [0x09b40000, 0x09b40000, 0x0a360000)
 tenured generation   total 166580K, used 99946K [0x0a750000, 0x149fd000, 0x15200000)
   the space 166580K,  59% used [0x0a750000, 0x108ea9a8, 0x108eaa00, 0x149fd000)
 Metaspace       used 22199K, capacity 23085K, committed 23168K, reserved 23936K
Event: 20.837 GC heap after
Heap after GC invocations=143 (full 8):
 def new generation   total 75008K, used 8320K [0x05200000, 0x0a360000, 0x0a750000)
  eden space 66688K,   0% used [0x05200000, 0x05200000, 0x09320000)
  from space 8320K, 100% used [0x09b40000, 0x0a360000, 0x0a360000)
  to   space 8320K,   0% used [0x09320000, 0x09320000, 0x09b40000)
 tenured generation   total 166580K, used 101629K [0x0a750000, 0x149fd000, 0x15200000)
   the space 166580K,  61% used [0x0a750000, 0x10a8f7d0, 0x10a8f800, 0x149fd000)
 Metaspace       used 22199K, capacity 23085K, committed 23168K, reserved 23936K
}
Event: 21.009 GC heap before
{Heap before GC invocations=143 (full 8):
 def new generation   total 75008K, used 75008K [0x05200000, 0x0a360000, 0x0a750000)
  eden space 66688K, 100% used [0x05200000, 0x09320000, 0x09320000)
  from space 8320K, 100% used [0x09b40000, 0x0a360000, 0x0a360000)
  to   space 8320K,   0% used [0x09320000, 0x09320000, 0x09b40000)
 tenured generation   total 166580K, used 101629K [0x0a750000, 0x149fd000, 0x15200000)
   the space 166580K,  61% used [0x0a750000, 0x10a8f7d0, 0x10a8f800, 0x149fd000)
 Metaspace       used 22205K, capacity 23085K, committed 23168K, reserved 23936K
Event: 21.016 GC heap after
Heap after GC invocations=144 (full 8):
 def new generation   total 75008K, used 709K [0x05200000, 0x0a360000, 0x0a750000)
  eden space 66688K,   0% used [0x05200000, 0x05200000, 0x09320000)
  from space 8320K,   8% used [0x09320000, 0x093d1598, 0x09b40000)
  to   space 8320K,   0% used [0x09b40000, 0x09b40000, 0x0a360000)
 tenured generation   total 166580K, used 109849K [0x0a750000, 0x149fd000, 0x15200000)
   the space 166580K,  65% used [0x0a750000, 0x11296550, 0x11296600, 0x149fd000)
 Metaspace       used 22205K, capacity 23085K, committed 23168K, reserved 23936K
}
Event: 22.904 GC heap before
{Heap before GC invocations=144 (full 8):
 def new generation   total 75008K, used 63875K [0x05200000, 0x0a360000, 0x0a750000)
  eden space 66688K,  94% used [0x05200000, 0x08faf950, 0x09320000)
  from space 8320K,   8% used [0x09320000, 0x093d1598, 0x09b40000)
  to   space 8320K,   0% used [0x09b40000, 0x09b40000, 0x0a360000)
 tenured generation   total 166580K, used 109849K [0x0a750000, 0x149fd000, 0x15200000)
   the space 166580K,  65% used [0x0a750000, 0x11296550, 0x11296600, 0x149fd000)
 Metaspace       used 22277K, capacity 23149K, committed 23296K, reserved 23936K
Event: 22.910 GC heap after
Heap after GC invocations=145 (full 8):
 def new generation   total 75008K, used 4977K [0x05200000, 0x0a360000, 0x0a750000)
  eden space 66688K,   0% used [0x05200000, 0x05200000, 0x09320000)
  from space 8320K,  59% used [0x09b40000, 0x0a01c4a0, 0x0a360000)
  to   space 8320K,   0% used [0x09320000, 0x09320000, 0x09b40000)
 tenured generation   total 166580K, used 109849K [0x0a750000, 0x149fd000, 0x15200000)
   the space 166580K,  65% used [0x0a750000, 0x11296550, 0x11296600, 0x149fd000)
 Metaspace       used 22277K, capacity 23149K, committed 23296K, reserved 23936K
}

