# JRE version: Java(TM) SE Runtime Environment (8.0_181-b13) (build 1.8.0_181-b13)
# Java VM: Java HotSpot(TM) Client VM (25.181-b13 mixed mode windows-x86 )
Heap:
 def new generation   total 69952K, used 68400K [0x05600000, 0x0a1e0000, 0x0ab50000)
  eden space 62208K,  97% used [0x05600000, 0x091689f8, 0x092c0000)
  from space 7744K,  97% used [0x09a50000, 0x0a1b3948, 0x0a1e0000)
  to   space 7744K,   0% used [0x092c0000, 0x092c0000, 0x09a50000)
 tenured generation   total 155288K, used 134120K [0x0ab50000, 0x142f6000, 0x15600000)
   the space 155288K,  86% used [0x0ab50000, 0x12e4a2a8, 0x12e4a400, 0x142f6000)
 Metaspace       used 24820K, capacity 25694K, committed 25856K, reserved 25984K
GC Heap History (10 events):
Event: 8.615 GC heap before
{Heap before GC invocations=169 (full 8):
 def new generation   total 69952K, used 69931K [0x05600000, 0x0a1e0000, 0x0ab50000)
  eden space 62208K, 100% used [0x05600000, 0x092c0000, 0x092c0000)
  from space 7744K,  99% used [0x092c0000, 0x09a4aee8, 0x09a50000)
  to   space 7744K,   0% used [0x09a50000, 0x09a50000, 0x0a1e0000)
 tenured generation   total 155288K, used 103032K [0x0ab50000, 0x142f6000, 0x15600000)
   the space 155288K,  66% used [0x0ab50000, 0x10fee280, 0x10fee400, 0x142f6000)
 Metaspace       used 24274K, capacity 25150K, committed 25344K, reserved 25984K
Event: 8.627 GC heap after
Heap after GC invocations=170 (full 8):
 def new generation   total 69952K, used 7744K [0x05600000, 0x0a1e0000, 0x0ab50000)
  eden space 62208K,   0% used [0x05600000, 0x05600000, 0x092c0000)
  from space 7744K, 100% used [0x09a50000, 0x0a1e0000, 0x0a1e0000)
  to   space 7744K,   0% used [0x092c0000, 0x092c0000, 0x09a50000)
 tenured generation   total 155288K, used 112915K [0x0ab50000, 0x142f6000, 0x15600000)
   the space 155288K,  72% used [0x0ab50000, 0x11994dd0, 0x11994e00, 0x142f6000)
 Metaspace       used 24274K, capacity 25150K, committed 25344K, reserved 25984K
}
Event: 8.788 GC heap before
{Heap before GC invocations=170 (full 8):
 def new generation   total 69952K, used 69952K [0x05600000, 0x0a1e0000, 0x0ab50000)
  eden space 62208K, 100% used [0x05600000, 0x092c0000, 0x092c0000)
  from space 7744K, 100% used [0x09a50000, 0x0a1e0000, 0x0a1e0000)
  to   space 7744K,   0% used [0x092c0000, 0x092c0000, 0x09a50000)
 tenured generation   total 155288K, used 112915K [0x0ab50000, 0x142f6000, 0x15600000)
   the space 155288K,  72% used [0x0ab50000, 0x11994dd0, 0x11994e00, 0x142f6000)
 Metaspace       used 24280K, capacity 25150K, committed 25344K, reserved 25984K
Event: 8.797 GC heap after
Heap after GC invocations=171 (full 8):
 def new generation   total 69952K, used 852K [0x05600000, 0x0a1e0000, 0x0ab50000)
  eden space 62208K,   0% used [0x05600000, 0x05600000, 0x092c0000)
  from space 7744K,  11% used [0x092c0000, 0x093953f0, 0x09a50000)
  to   space 7744K,   0% used [0x09a50000, 0x09a50000, 0x0a1e0000)
 tenured generation   total 155288K, used 120528K [0x0ab50000, 0x142f6000, 0x15600000)
   the space 155288K,  77% used [0x0ab50000, 0x121040f0, 0x12104200, 0x142f6000)
 Metaspace       used 24280K, capacity 25150K, committed 25344K, reserved 25984K
}
Event: 9.003 GC heap before
{Heap before GC invocations=171 (full 8):
 def new generation   total 69952K, used 58625K [0x05600000, 0x0a1e0000, 0x0ab50000)
  eden space 62208K,  92% used [0x05600000, 0x08e6b3c8, 0x092c0000)
  from space 7744K,  11% used [0x092c0000, 0x093953f0, 0x09a50000)
  to   space 7744K,   0% used [0x09a50000, 0x09a50000, 0x0a1e0000)
 tenured generation   total 155288K, used 120528K [0x0ab50000, 0x142f6000, 0x15600000)
   the space 155288K,  77% used [0x0ab50000, 0x121040f0, 0x12104200, 0x142f6000)
 Metaspace       used 24457K, capacity 25342K, committed 25472K, reserved 25984K
Event: 9.009 GC heap after
Heap after GC invocations=172 (full 8):
 def new generation   total 69952K, used 5687K [0x05600000, 0x0a1e0000, 0x0ab50000)
  eden space 62208K,   0% used [0x05600000, 0x05600000, 0x092c0000)
  from space 7744K,  73% used [0x09a50000, 0x09fdde88, 0x0a1e0000)
  to   space 7744K,   0% used [0x092c0000, 0x092c0000, 0x09a50000)
 tenured generation   total 155288K, used 120528K [0x0ab50000, 0x142f6000, 0x15600000)
   the space 155288K,  77% used [0x0ab50000, 0x121040f0, 0x12104200, 0x142f6000)
 Metaspace       used 24457K, capacity 25342K, committed 25472K, reserved 25984K
}
Event: 32.563 GC heap before
{Heap before GC invocations=172 (full 8):
 def new generation   total 69952K, used 67895K [0x05600000, 0x0a1e0000, 0x0ab50000)
  eden space 62208K, 100% used [0x05600000, 0x092c0000, 0x092c0000)
  from space 7744K,  73% used [0x09a50000, 0x09fdde88, 0x0a1e0000)
  to   space 7744K,   0% used [0x092c0000, 0x092c0000, 0x09a50000)
 tenured generation   total 155288K, used 120528K [0x0ab50000, 0x142f6000, 0x15600000)
   the space 155288K,  77% used [0x0ab50000, 0x121040f0, 0x12104200, 0x142f6000)
 Metaspace       used 24807K, capacity 25662K, committed 25856K, reserved 25984K
Event: 32.573 GC heap after
Heap after GC invocations=173 (full 8):
 def new generation   total 69952K, used 4409K [0x05600000, 0x0a1e0000, 0x0ab50000)
  eden space 62208K,   0% used [0x05600000, 0x05600000, 0x092c0000)
  from space 7744K,  56% used [0x092c0000, 0x0970e5c8, 0x09a50000)
  to   space 7744K,   0% used [0x09a50000, 0x09a50000, 0x0a1e0000)
 tenured generation   total 155288K, used 133795K [0x0ab50000, 0x142f6000, 0x15600000)
   the space 155288K,  86% used [0x0ab50000, 0x12df8f58, 0x12df9000, 0x142f6000)
 Metaspace       used 24807K, capacity 25662K, committed 25856K, reserved 25984K
}
Event: 44.403 GC heap before
{Heap before GC invocations=173 (full 8):
 def new generation   total 69952K, used 64795K [0x05600000, 0x0a1e0000, 0x0ab50000)
  eden space 62208K,  97% used [0x05600000, 0x090f8960, 0x092c0000)
  from space 7744K,  56% used [0x092c0000, 0x0970e5c8, 0x09a50000)
  to   space 7744K,   0% used [0x09a50000, 0x09a50000, 0x0a1e0000)
 tenured generation   total 155288K, used 133795K [0x0ab50000, 0x142f6000, 0x15600000)
   the space 155288K,  86% used [0x0ab50000, 0x12df8f58, 0x12df9000, 0x142f6000)
 Metaspace       used 24807K, capacity 25662K, committed 25856K, reserved 25984K
Event: 44.407 GC heap after
Heap after GC invocations=174 (full 8):
 def new generation   total 69952K, used 7566K [0x05600000, 0x0a1e0000, 0x0ab50000)
  eden space 62208K,   0% used [0x05600000, 0x05600000, 0x092c0000)
  from space 7744K,  97% used [0x09a50000, 0x0a1b3948, 0x0a1e0000)
  to   space 7744K,   0% used [0x092c0000, 0x092c0000, 0x09a50000)
 tenured generation   total 155288K, used 134120K [0x0ab50000, 0x142f6000, 0x15600000)
   the space 155288K,  86% used [0x0ab50000, 0x12e4a2a8, 0x12e4a400, 0x142f6000)
 Metaspace       used 24807K, capacity 25662K, committed 25856K, reserved 25984K
}

